<?xml version="1.0" encoding="UTF-8" ?>
<testsuite failures="1" time="3.056" errors="0" skipped="0" tests="1" name="de.m0ep.uni.ma.test.RDFBaseTest">
  <properties>
    <property name="java.runtime.name" value="Java(TM) SE Runtime Environment"/>
    <property name="sun.boot.library.path" value="/opt/Oracle/jdk1.6.0_38/jre/lib/i386"/>
    <property name="java.vm.version" value="20.13-b02"/>
    <property name="java.vm.vendor" value="Sun Microsystems Inc."/>
    <property name="java.vendor.url" value="http://java.sun.com/"/>
    <property name="path.separator" value=":"/>
    <property name="java.vm.name" value="Java HotSpot(TM) Server VM"/>
    <property name="file.encoding.pkg" value="sun.io"/>
    <property name="user.country" value="US"/>
    <property name="sun.java.launcher" value="SUN_STANDARD"/>
    <property name="sun.os.patch.level" value="unknown"/>
    <property name="java.vm.specification.name" value="Java Virtual Machine Specification"/>
    <property name="user.dir" value="/home/florian/Develop/uni/master-thesis/source/ApacheJenaTNE"/>
    <property name="java.runtime.version" value="1.6.0_38-b05"/>
    <property name="java.awt.graphicsenv" value="sun.awt.X11GraphicsEnvironment"/>
    <property name="basedir" value="/home/florian/Develop/uni/master-thesis/source/ApacheJenaTNE"/>
    <property name="java.endorsed.dirs" value="/opt/Oracle/jdk1.6.0_38/jre/lib/endorsed"/>
    <property name="os.arch" value="i386"/>
    <property name="surefire.real.class.path" value="/home/florian/Develop/uni/master-thesis/source/ApacheJenaTNE/target/surefire/surefirebooter653611854223703343.jar"/>
    <property name="java.io.tmpdir" value="/tmp"/>
    <property name="line.separator" value="
"/>
    <property name="java.vm.specification.vendor" value="Sun Microsystems Inc."/>
    <property name="os.name" value="Linux"/>
    <property name="sun.jnu.encoding" value="UTF-8"/>
    <property name="java.library.path" value="/opt/Oracle/jdk1.6.0_38/jre/lib/i386/server:/opt/Oracle/jdk1.6.0_38/jre/lib/i386:/opt/Oracle/jdk1.6.0_38/jre/../lib/i386:/usr/lib/jvm/java-7-oracle/jre/lib/i386/client:/usr/lib/jvm/java-7-oracle/jre/lib/i386::/usr/java/packages/lib/i386:/lib:/usr/lib"/>
    <property name="surefire.test.class.path" value="/home/florian/Develop/uni/master-thesis/source/ApacheJenaTNE/target/test-classes:/home/florian/Develop/uni/master-thesis/source/ApacheJenaTNE/target/classes:/home/florian/.m2/repository/org/apache/jena/jena-core/2.7.4/jena-core-2.7.4.jar:/home/florian/.m2/repository/org/apache/jena/jena-iri/0.9.4/jena-iri-0.9.4.jar:/home/florian/.m2/repository/xerces/xercesImpl/2.10.0/xercesImpl-2.10.0.jar:/home/florian/.m2/repository/xml-apis/xml-apis/1.4.01/xml-apis-1.4.01.jar:/home/florian/.m2/repository/org/slf4j/slf4j-api/1.6.4/slf4j-api-1.6.4.jar:/home/florian/.m2/repository/org/slf4j/slf4j-log4j12/1.6.4/slf4j-log4j12-1.6.4.jar:/home/florian/.m2/repository/log4j/log4j/1.2.16/log4j-1.2.16.jar:/home/florian/.m2/repository/junit/junit/4.11/junit-4.11.jar:/home/florian/.m2/repository/org/hamcrest/hamcrest-core/1.3/hamcrest-core-1.3.jar:"/>
    <property name="java.specification.name" value="Java Platform API Specification"/>
    <property name="java.class.version" value="50.0"/>
    <property name="sun.management.compiler" value="HotSpot Tiered Compilers"/>
    <property name="os.version" value="3.5.0-19-generic"/>
    <property name="user.home" value="/home/florian"/>
    <property name="user.timezone" value=""/>
    <property name="java.awt.printerjob" value="sun.print.PSPrinterJob"/>
    <property name="file.encoding" value="UTF-8"/>
    <property name="java.specification.version" value="1.6"/>
    <property name="user.name" value="florian"/>
    <property name="java.class.path" value="/home/florian/Develop/uni/master-thesis/source/ApacheJenaTNE/target/test-classes:/home/florian/Develop/uni/master-thesis/source/ApacheJenaTNE/target/classes:/home/florian/.m2/repository/org/apache/jena/jena-core/2.7.4/jena-core-2.7.4.jar:/home/florian/.m2/repository/org/apache/jena/jena-iri/0.9.4/jena-iri-0.9.4.jar:/home/florian/.m2/repository/xerces/xercesImpl/2.10.0/xercesImpl-2.10.0.jar:/home/florian/.m2/repository/xml-apis/xml-apis/1.4.01/xml-apis-1.4.01.jar:/home/florian/.m2/repository/org/slf4j/slf4j-api/1.6.4/slf4j-api-1.6.4.jar:/home/florian/.m2/repository/org/slf4j/slf4j-log4j12/1.6.4/slf4j-log4j12-1.6.4.jar:/home/florian/.m2/repository/log4j/log4j/1.2.16/log4j-1.2.16.jar:/home/florian/.m2/repository/junit/junit/4.11/junit-4.11.jar:/home/florian/.m2/repository/org/hamcrest/hamcrest-core/1.3/hamcrest-core-1.3.jar:"/>
    <property name="java.vm.specification.version" value="1.0"/>
    <property name="sun.arch.data.model" value="32"/>
    <property name="java.home" value="/opt/Oracle/jdk1.6.0_38/jre"/>
    <property name="sun.java.command" value="/home/florian/Develop/uni/master-thesis/source/ApacheJenaTNE/target/surefire/surefirebooter653611854223703343.jar /home/florian/Develop/uni/master-thesis/source/ApacheJenaTNE/target/surefire/surefire1701108632702014438tmp /home/florian/Develop/uni/master-thesis/source/ApacheJenaTNE/target/surefire/surefire4223897659400778421tmp"/>
    <property name="java.specification.vendor" value="Sun Microsystems Inc."/>
    <property name="user.language" value="en"/>
    <property name="java.vm.info" value="mixed mode"/>
    <property name="java.version" value="1.6.0_38"/>
    <property name="java.ext.dirs" value="/opt/Oracle/jdk1.6.0_38/jre/lib/ext:/usr/java/packages/lib/ext"/>
    <property name="sun.boot.class.path" value="/opt/Oracle/jdk1.6.0_38/jre/lib/resources.jar:/opt/Oracle/jdk1.6.0_38/jre/lib/rt.jar:/opt/Oracle/jdk1.6.0_38/jre/lib/sunrsasign.jar:/opt/Oracle/jdk1.6.0_38/jre/lib/jsse.jar:/opt/Oracle/jdk1.6.0_38/jre/lib/jce.jar:/opt/Oracle/jdk1.6.0_38/jre/lib/charsets.jar:/opt/Oracle/jdk1.6.0_38/jre/lib/modules/jdk.boot.jar:/opt/Oracle/jdk1.6.0_38/jre/classes"/>
    <property name="java.vendor" value="Sun Microsystems Inc."/>
    <property name="localRepository" value="/home/florian/.m2/repository"/>
    <property name="file.separator" value="/"/>
    <property name="java.vendor.url.bug" value="http://java.sun.com/cgi-bin/bugreport.cgi"/>
    <property name="sun.cpu.endian" value="little"/>
    <property name="sun.io.unicode.encoding" value="UnicodeLittle"/>
    <property name="sun.cpu.isalist" value=""/>
  </properties>
  <testcase time="2.863" classname="de.m0ep.uni.ma.test.RDFBaseTest" name="testConstructors">
    <failure type="junit.framework.AssertionFailedError">junit.framework.AssertionFailedError
	at junit.framework.Assert.fail(Assert.java:55)
	at junit.framework.Assert.assertTrue(Assert.java:22)
	at junit.framework.Assert.assertNotNull(Assert.java:256)
	at junit.framework.Assert.assertNotNull(Assert.java:248)
	at de.m0ep.uni.ma.test.RDFBaseTest.testConstructors(RDFBaseTest.java:34)
	at sun.reflect.NativeMethodAccessorImpl.invoke0(Native Method)
	at sun.reflect.NativeMethodAccessorImpl.invoke(NativeMethodAccessorImpl.java:39)
	at sun.reflect.DelegatingMethodAccessorImpl.invoke(DelegatingMethodAccessorImpl.java:25)
	at java.lang.reflect.Method.invoke(Method.java:597)
	at org.junit.runners.model.FrameworkMethod$1.runReflectiveCall(FrameworkMethod.java:47)
	at org.junit.internal.runners.model.ReflectiveCallable.run(ReflectiveCallable.java:12)
	at org.junit.runners.model.FrameworkMethod.invokeExplosively(FrameworkMethod.java:44)
	at org.junit.internal.runners.statements.InvokeMethod.evaluate(InvokeMethod.java:17)
	at org.junit.internal.runners.statements.RunBefores.evaluate(RunBefores.java:26)
	at org.junit.runners.ParentRunner.runLeaf(ParentRunner.java:271)
	at org.junit.runners.BlockJUnit4ClassRunner.runChild(BlockJUnit4ClassRunner.java:70)
	at org.junit.runners.BlockJUnit4ClassRunner.runChild(BlockJUnit4ClassRunner.java:50)
	at org.junit.runners.ParentRunner$3.run(ParentRunner.java:238)
	at org.junit.runners.ParentRunner$1.schedule(ParentRunner.java:63)
	at org.junit.runners.ParentRunner.runChildren(ParentRunner.java:236)
	at org.junit.runners.ParentRunner.access$000(ParentRunner.java:53)
	at org.junit.runners.ParentRunner$2.evaluate(ParentRunner.java:229)
	at org.junit.runners.ParentRunner.run(ParentRunner.java:309)
	at org.apache.maven.surefire.junit4.JUnit4TestSet.execute(JUnit4TestSet.java:35)
	at org.apache.maven.surefire.junit4.JUnit4Provider.executeTestSet(JUnit4Provider.java:146)
	at org.apache.maven.surefire.junit4.JUnit4Provider.invoke(JUnit4Provider.java:97)
	at sun.reflect.NativeMethodAccessorImpl.invoke0(Native Method)
	at sun.reflect.NativeMethodAccessorImpl.invoke(NativeMethodAccessorImpl.java:39)
	at sun.reflect.DelegatingMethodAccessorImpl.invoke(DelegatingMethodAccessorImpl.java:25)
	at java.lang.reflect.Method.invoke(Method.java:597)
	at org.apache.maven.surefire.booter.ProviderFactory$ClassLoaderProxy.invoke(ProviderFactory.java:103)
	at $Proxy0.invoke(Unknown Source)
	at org.apache.maven.surefire.booter.SurefireStarter.invokeProvider(SurefireStarter.java:145)
	at org.apache.maven.surefire.booter.SurefireStarter.runSuitesInProcess(SurefireStarter.java:87)
	at org.apache.maven.surefire.booter.ForkedBooter.main(ForkedBooter.java:69)
</failure>
    <system-out>@HL
@HL-------------------------------------------------------
@HL T E S T S
@HL-------------------------------------------------------
@SLRunning de.m0ep.uni.ma.test.RDFBaseTest
</system-out>
    <system-err>log4j:WARN No appenders could be found for logger (com.hp.hpl.jena.util.FileManager).
log4j:WARN Please initialize the log4j system properly.
log4j:WARN See http://logging.apache.org/log4j/1.2/faq.html#noconfig for more info.
</system-err>
  </testcase>
</testsuite>